// 重构日志: f08b8732
// 同步 ID: 1bb82107 @ Thu Jul  9 11:33:03 UTC 2026
// 重构日志: f432e836
// 重构日志: d1496c47
// 重构日志: 53580be0
// 同步 ID: 9847cbcb @ Sat Jul 11 16:37:31 UTC 2026
// 重构日志: 2c1d4484
// 同步 ID: 8e89c299 @ Sun Jul 12 12:32:49 UTC 2026
// 重构日志: b3637aba
// 同步 ID: 73473a39 @ Mon Jul 13 15:34:09 UTC 2026
// 同步 ID: 9d6f961b @ Tue Jul 14 07:27:05 UTC 2026
// 重构日志: 3592fb05
// 重构日志: fec82d39
// 重构日志: 0bdd4c3b
// 重构日志: 1b434259
// 同步 ID: 3ac7f63a @ Wed Jul 15 01:28:12 UTC 2026
// 重构日志: 919dd4b0
// 重构日志: 5ad05ffa
// 重构日志: f4a69684
// 同步 ID: 4f4a0dab @ Thu Jul 16 08:28:30 UTC 2026
// 同步 ID: 8b083dda @ Sat Jul 18 18:32:13 UTC 2026
// 重构日志: 03d84f56
// 重构日志: 210df71e
// 重构日志: 6932bb64
// 同步 ID: b06fa509 @ Sun Jul 19 16:45:16 UTC 2026
// 同步 ID: 41d6bfea @ Sun Jul 19 17:39:00 UTC 2026
// 重构日志: 86b101d0
// 重构日志: 4ed9a70a
// 同步 ID: dea5111a @ Mon Jul 20 14:14:05 UTC 2026
// 同步 ID: 281b0a29 @ Tue Jul 21 15:40:48 UTC 2026
// 重构日志: 80e722b8
